<?xml version="1.0" encoding="UTF-8"?>
<testng-results ignored="0" total="1" passed="1" failed="0" skipped="0">
  <reporter-output>
  </reporter-output>
  <suite started-at="2023-07-07T16:38:46 IST" name="driverFactory.AppTest" finished-at="2023-07-07T16:39:19 IST" duration-ms="32938">
    <groups>
    </groups>
    <test started-at="2023-07-07T16:38:46 IST" name="Command line test" finished-at="2023-07-07T16:39:19 IST" duration-ms="32938">
      <class name="driverFactory.AppTest">
        <test-method signature="kickStart()[pri:0, instance:driverFactory.AppTest@6069db50]" started-at="2023-07-07T16:38:46 IST" name="kickStart" finished-at="2023-07-07T16:39:19 IST" duration-ms="32873" status="PASS">
          <reporter-output>
          </reporter-output>
        </test-method> <!-- kickStart -->
      </class> <!-- driverFactory.AppTest -->
    </test> <!-- Command line test -->
  </suite> <!-- driverFactory.AppTest -->
</testng-results>
